{"uuid":"b27b9a41-2e73-486f-a042-1cca2b91275e","historyId":"7f24ad9023ae3cbff9685d20fb15db20","fullName":"com.example.teamcity.ui.CreateProjectTest.userCreatesProject","labels":[{"name":"package","value":"com.example.teamcity.ui.CreateProjectTest"},{"name":"testClass","value":"com.example.teamcity.ui.CreateProjectTest"},{"name":"testMethod","value":"userCreatesProject"},{"name":"parentSuite","value":"Default Suite"},{"name":"suite","value":"workshop-api-teamcity"},{"name":"subSuite","value":"com.example.teamcity.ui.CreateProjectTest"},{"name":"host","value":"Vladimir_lenovo"},{"name":"thread","value":"24104@Vladimir_lenovo.main(1)"},{"name":"framework","value":"testng"},{"name":"language","value":"java"}],"links":[],"name":"User should be able to create project","status":"failed","statusDetails":{"known":false,"muted":false,"flaky":false,"message":"Element should exist {div[class*='Subproject__container'].snapshot(1 elements)[0]}\r\nElement: 'Ups, failed to describe the element [caused by: StaleElementReferenceException: stale element reference: element is not attached to the page document]'\r\nActual value: does not exist\r\nScreenshot: file:/C:/Users/vdolg/IdeaProjects/TeamCity-workshop-API/build/reports/tests/1731236252058.0.png\r\nPage source: file:/C:/Users/vdolg/IdeaProjects/TeamCity-workshop-API/build/reports/tests/1731236252058.0.html\r\nTimeout: 4 s.","trace":"Element should exist {div[class*='Subproject__container'].snapshot(1 elements)[0]}\r\nElement: 'Ups, failed to describe the element [caused by: StaleElementReferenceException: stale element reference: element is not attached to the page document]'\r\nActual value: does not exist\r\nScreenshot: file:/C:/Users/vdolg/IdeaProjects/TeamCity-workshop-API/build/reports/tests/1731236252058.0.png\r\nPage source: file:/C:/Users/vdolg/IdeaProjects/TeamCity-workshop-API/build/reports/tests/1731236252058.0.html\r\nTimeout: 4 s.\r\n\tat com.codeborne.selenide.impl.WebElementSource.handleError(WebElementSource.java:148)\r\n\tat com.codeborne.selenide.impl.WebElementSource.checkConditionAndReturnElement(WebElementSource.java:126)\r\n\tat com.codeborne.selenide.impl.WebElementSource.checkCondition(WebElementSource.java:103)\r\n\tat com.codeborne.selenide.impl.ElementFinder.createElementNotFoundError(ElementFinder.java:139)\r\n\tat com.codeborne.selenide.impl.ExceptionWrapper.wrap(ExceptionWrapper.java:32)\r\n\tat com.codeborne.selenide.impl.SelenideElementProxy.dispatchAndRetry(SelenideElementProxy.java:156)\r\n\tat com.codeborne.selenide.impl.SelenideElementProxy.invoke(SelenideElementProxy.java:86)\r\n\tat jdk.proxy2/jdk.proxy2.$Proxy24.text(Unknown Source)\r\n\tat com.example.teamcity.ui.CreateProjectTest.lambda$userCreatesProject$0(CreateProjectTest.java:42)\r\n\tat java.base/java.util.stream.MatchOps$1MatchSink.accept(MatchOps.java:90)\r\n\tat java.base/java.util.AbstractList$RandomAccessSpliterator.tryAdvance(AbstractList.java:708)\r\n\tat java.base/java.util.stream.ReferencePipeline.forEachWithCancel(ReferencePipeline.java:129)\r\n\tat java.base/java.util.stream.AbstractPipeline.copyIntoWithCancel(AbstractPipeline.java:527)\r\n\tat java.base/java.util.stream.AbstractPipeline.copyInto(AbstractPipeline.java:513)\r\n\tat java.base/java.util.stream.AbstractPipeline.wrapAndCopyInto(AbstractPipeline.java:499)\r\n\tat java.base/java.util.stream.MatchOps$MatchOp.evaluateSequential(MatchOps.java:230)\r\n\tat java.base/java.util.stream.MatchOps$MatchOp.evaluateSequential(MatchOps.java:196)\r\n\tat java.base/java.util.stream.AbstractPipeline.evaluate(AbstractPipeline.java:234)\r\n\tat java.base/java.util.stream.ReferencePipeline.anyMatch(ReferencePipeline.java:632)\r\n\tat com.example.teamcity.ui.CreateProjectTest.userCreatesProject(CreateProjectTest.java:42)\r\n\tat java.base/jdk.internal.reflect.DirectMethodHandleAccessor.invoke(DirectMethodHandleAccessor.java:103)\r\n\tat java.base/java.lang.reflect.Method.invoke(Method.java:580)\r\n\tat org.testng.internal.invokers.MethodInvocationHelper.invokeMethod(MethodInvocationHelper.java:141)\r\n\tat org.testng.internal.invokers.TestInvoker.invokeMethod(TestInvoker.java:686)\r\n\tat org.testng.internal.invokers.TestInvoker.invokeTestMethod(TestInvoker.java:230)\r\n\tat org.testng.internal.invokers.MethodRunner.runInSequence(MethodRunner.java:63)\r\n\tat org.testng.internal.invokers.TestInvoker$MethodInvocationAgent.invoke(TestInvoker.java:992)\r\n\tat org.testng.internal.invokers.TestInvoker.invokeTestMethods(TestInvoker.java:203)\r\n\tat org.testng.internal.invokers.TestMethodWorker.invokeTestMethods(TestMethodWorker.java:154)\r\n\tat org.testng.internal.invokers.TestMethodWorker.run(TestMethodWorker.java:134)\r\n\tat java.base/java.util.ArrayList.forEach(ArrayList.java:1596)\r\n\tat org.testng.TestRunner.privateRun(TestRunner.java:739)\r\n\tat org.testng.TestRunner.run(TestRunner.java:614)\r\n\tat org.testng.SuiteRunner.runTest(SuiteRunner.java:421)\r\n\tat org.testng.SuiteRunner.runSequentially(SuiteRunner.java:413)\r\n\tat org.testng.SuiteRunner.privateRun(SuiteRunner.java:373)\r\n\tat org.testng.SuiteRunner.run(SuiteRunner.java:312)\r\n\tat org.testng.SuiteRunnerWorker.runSuite(SuiteRunnerWorker.java:52)\r\n\tat org.testng.SuiteRunnerWorker.run(SuiteRunnerWorker.java:95)\r\n\tat org.testng.TestNG.runSuitesSequentially(TestNG.java:1274)\r\n\tat org.testng.TestNG.runSuitesLocally(TestNG.java:1208)\r\n\tat org.testng.TestNG.runSuites(TestNG.java:1112)\r\n\tat org.testng.TestNG.run(TestNG.java:1079)\r\n\tat com.intellij.rt.testng.IDEARemoteTestNG.run(IDEARemoteTestNG.java:65)\r\n\tat com.intellij.rt.testng.RemoteTestNGStarter.main(RemoteTestNGStarter.java:105)\r\n"},"stage":"finished","steps":[{"name":"Login as user","status":"passed","stage":"finished","steps":[],"attachments":[],"parameters":[],"start":1731236213781,"stop":1731236213782},{"name":"Check that all entities (project, build type) was successfully created with correct data on API level","status":"passed","stage":"finished","steps":[],"attachments":[],"parameters":[],"start":1731236242570,"stop":1731236242571},{"name":"Check that project is visible on Projects Page (http://localhost:8111/favorite/projects)","status":"passed","stage":"finished","steps":[],"attachments":[],"parameters":[],"start":1731236244826,"stop":1731236244826}],"attachments":[],"parameters":[],"start":1731236213777,"stop":1731236252745}